Determining if the pthread_create exist failed with the following output:
Change Dir: /home/samuele/AgileX/build/CMakeFiles/CMakeTmp

Run Build Command:"/usr/bin/make" "cmTC_9dc72/fast"
/usr/bin/make -f CMakeFiles/cmTC_9dc72.dir/build.make CMakeFiles/cmTC_9dc72.dir/build
make[1]: ingresso nella directory "/home/samuele/AgileX/build/CMakeFiles/CMakeTmp"
Building C object CMakeFiles/cmTC_9dc72.dir/CheckSymbolExists.c.o
/usr/bin/cc    -o CMakeFiles/cmTC_9dc72.dir/CheckSymbolExists.c.o   -c /home/samuele/AgileX/build/CMakeFiles/CMakeTmp/CheckSymbolExists.c
Linking C executable cmTC_9dc72
/usr/bin/cmake -E cmake_link_script CMakeFiles/cmTC_9dc72.dir/link.txt --verbose=1
/usr/bin/cc      -rdynamic CMakeFiles/cmTC_9dc72.dir/CheckSymbolExists.c.o  -o cmTC_9dc72 
CMakeFiles/cmTC_9dc72.dir/CheckSymbolExists.c.o: nella funzione "main":
CheckSymbolExists.c:(.text+0x1b): riferimento non definito a "pthread_create"
collect2: error: ld returned 1 exit status
CMakeFiles/cmTC_9dc72.dir/build.make:97: recipe for target 'cmTC_9dc72' failed
make[1]: *** [cmTC_9dc72] Error 1
make[1]: uscita dalla directory "/home/samuele/AgileX/build/CMakeFiles/CMakeTmp"
Makefile:126: recipe for target 'cmTC_9dc72/fast' failed
make: *** [cmTC_9dc72/fast] Error 2

File /home/samuele/AgileX/build/CMakeFiles/CMakeTmp/CheckSymbolExists.c:
/* */
#include <pthread.h>

int main(int argc, char** argv)
{
  (void)argv;
#ifndef pthread_create
  return ((int*)(&pthread_create))[argc];
#else
  (void)argc;
  return 0;
#endif
}

Determining if the function pthread_create exists in the pthreads failed with the following output:
Change Dir: /home/samuele/AgileX/build/CMakeFiles/CMakeTmp

Run Build Command:"/usr/bin/make" "cmTC_fae53/fast"
/usr/bin/make -f CMakeFiles/cmTC_fae53.dir/build.make CMakeFiles/cmTC_fae53.dir/build
make[1]: ingresso nella directory "/home/samuele/AgileX/build/CMakeFiles/CMakeTmp"
Building C object CMakeFiles/cmTC_fae53.dir/CheckFunctionExists.c.o
/usr/bin/cc   -DCHECK_FUNCTION_EXISTS=pthread_create   -o CMakeFiles/cmTC_fae53.dir/CheckFunctionExists.c.o   -c /usr/share/cmake-3.10/Modules/CheckFunctionExists.c
Linking C executable cmTC_fae53
/usr/bin/cmake -E cmake_link_script CMakeFiles/cmTC_fae53.dir/link.txt --verbose=1
/usr/bin/cc  -DCHECK_FUNCTION_EXISTS=pthread_create    -rdynamic CMakeFiles/cmTC_fae53.dir/CheckFunctionExists.c.o  -o cmTC_fae53 -lpthreads 
/usr/bin/ld: impossibile trovare -lpthreads
collect2: error: ld returned 1 exit status
CMakeFiles/cmTC_fae53.dir/build.make:97: recipe for target 'cmTC_fae53' failed
make[1]: *** [cmTC_fae53] Error 1
make[1]: uscita dalla directory "/home/samuele/AgileX/build/CMakeFiles/CMakeTmp"
Makefile:126: recipe for target 'cmTC_fae53/fast' failed
make: *** [cmTC_fae53/fast] Error 2


